<?xml version="1.0" encoding="UTF-8"?>
<Site BuildName="(empty)"
	BuildStamp="20230209-1610-Experimental"
	Name="(empty)"
	Generator="ctest-3.22.1"
	CompilerName=""
	CompilerVersion=""
	OSName="Linux"
	Hostname="KaymsMain"
	OSRelease="5.15.79.1-microsoft-standard-WSL2"
	OSVersion="#1 SMP Wed Nov 23 01:01:46 UTC 2022"
	OSPlatform="x86_64"
	Is64Bits="1"
	VendorString="AuthenticAMD"
	VendorID="Advanced Micro Devices"
	FamilyID="23"
	ModelID="113"
	ProcessorCacheSize="512"
	NumberOfLogicalCPU="24"
	NumberOfPhysicalCPU="12"
	TotalVirtualMemory="4096"
	TotalPhysicalMemory="15955"
	LogicalProcessorsPerPhysical="2"
	ProcessorClockFrequency="3800"
	>
	<Testing>
		<StartDateTime>Feb 09 17:10 CET</StartDateTime>
		<StartTestTime>1675959030</StartTestTime>
		<TestList>
			<Test>./src/qualification/optimizer/OptimizerTest</Test>
			<Test>./src/qualification/basic/UtilsTest</Test>
			<Test>./src/qualification/basic/ResetRotaTest</Test>
			<Test>./src/qualification/basic/BasicRotaTest</Test>
		</TestList>
		<Test Status="failed">
			<Name>OptimizerTest</Name>
			<Path>./src/qualification/optimizer</Path>
			<FullName>./src/qualification/optimizer/OptimizerTest</FullName>
			<FullCommandLine>/home/kayms/SquadMaprotaGenerator/build/src/qualification/optimizer/optimizer_test</FullCommandLine>
			<Results>
				<NamedMeasurement type="text/string" name="Exit Code">
					<Value>SEGFAULT</Value>
				</NamedMeasurement>
				<NamedMeasurement type="text/string" name="Exit Value">
					<Value>0</Value>
				</NamedMeasurement>
				<NamedMeasurement type="numeric/double" name="Execution Time">
					<Value>0.00785686</Value>
				</NamedMeasurement>
				<NamedMeasurement type="numeric/double" name="Processors">
					<Value>1</Value>
				</NamedMeasurement>
				<NamedMeasurement type="text/string" name="Completion Status">
					<Value>Completed</Value>
				</NamedMeasurement>
				<NamedMeasurement type="text/string" name="Command Line">
					<Value>/home/kayms/SquadMaprotaGenerator/build/src/qualification/optimizer/optimizer_test</Value>
				</NamedMeasurement>
				<NamedMeasurement type="text/string" name="Environment">
					<Value>#CTEST_RESOURCE_GROUP_COUNT=</Value>
				</NamedMeasurement>
				<Measurement>
					<Value encoding="base64" compression="gzip">eJxlj70OgkAQhHueYkst5GJhaauVmoBWhJgTVrzI7eHenkGfXlBD/Pmq2cxkJpsEIkMVWG1oNIYjOwvq5Cyqs75Zr9JL0OVKN+xEL5GQtThW2Aoy6VpVzlU1Cnr5lJ4LVfVq39fGRRFl84EckvfmDPqMf41Onwf4YATjKJsM5LCs3UHXLx/patiRReqyKJPQ/IS/SjeNGGvuyPuFaSUwRhkkuzU8yf/t+P0ipojltuuJHhuFYvw=</Value>
				</Measurement>
			</Results>
		</Test>
		<Test Status="passed">
			<Name>UtilsTest</Name>
			<Path>./src/qualification/basic</Path>
			<FullName>./src/qualification/basic/UtilsTest</FullName>
			<FullCommandLine>/home/kayms/SquadMaprotaGenerator/build/src/qualification/basic/utils_test</FullCommandLine>
			<Results>
				<NamedMeasurement type="numeric/double" name="Execution Time">
					<Value>0.0426585</Value>
				</NamedMeasurement>
				<NamedMeasurement type="numeric/double" name="Processors">
					<Value>1</Value>
				</NamedMeasurement>
				<NamedMeasurement type="text/string" name="Completion Status">
					<Value>Completed</Value>
				</NamedMeasurement>
				<NamedMeasurement type="text/string" name="Command Line">
					<Value>/home/kayms/SquadMaprotaGenerator/build/src/qualification/basic/utils_test</Value>
				</NamedMeasurement>
				<NamedMeasurement type="text/string" name="Environment">
					<Value>#CTEST_RESOURCE_GROUP_COUNT=</Value>
				</NamedMeasurement>
				<Measurement>
					<Value encoding="base64" compression="gzip">eJyNk0tPwzAMx+/9FD52h7U8BBIHDojBDoiHNu00TVVoTRaRxCNJ2dinp21G1U3Nhi95/fy3nTiTUmuhOSgmdDyAD0MK0iUpTD/Zj7Lp9KtkxTNbGXJsjBoNc2RS3Dg0msmUE3GJDq3rTq3JU17Pslo2yfNoftvaAia7mNdQM9YHvWgWYEtRjUk0H7a2gLGkdyY9gPpbGNIKdQWjG5arA/iqqzpzQtqs3ojmMJm9QGOLzn5iBVckij/I2+tTGIL4DJQdBAXXKPjSYXG/JJFjpskoJoPKvTTEl8dj5A0dFPXHEN8cFfGxxDas0xKnam7BbIuGTus1WCv6j+erbqQuBlzVh3IQ7fuc+9bouDyKjSsN9uW7O0qa/uToquYeif6nD6C9eQdz8HR/4qHGdsjMsKC13v844Q8Dhunk4I6qgt7uptOHUV37zjWJfgF81ULN====</Value>
				</Measurement>
			</Results>
		</Test>
		<Test Status="passed">
			<Name>ResetRotaTest</Name>
			<Path>./src/qualification/basic</Path>
			<FullName>./src/qualification/basic/ResetRotaTest</FullName>
			<FullCommandLine>/home/kayms/SquadMaprotaGenerator/build/src/qualification/basic/resetRota_test</FullCommandLine>
			<Results>
				<NamedMeasurement type="numeric/double" name="Execution Time">
					<Value>4.16346</Value>
				</NamedMeasurement>
				<NamedMeasurement type="numeric/double" name="Processors">
					<Value>1</Value>
				</NamedMeasurement>
				<NamedMeasurement type="text/string" name="Completion Status">
					<Value>Completed</Value>
				</NamedMeasurement>
				<NamedMeasurement type="text/string" name="Command Line">
					<Value>/home/kayms/SquadMaprotaGenerator/build/src/qualification/basic/resetRota_test</Value>
				</NamedMeasurement>
				<NamedMeasurement type="text/string" name="Environment">
					<Value>#CTEST_RESOURCE_GROUP_COUNT=</Value>
				</NamedMeasurement>
				<Measurement>
					<Value encoding="base64" compression="gzip">eJytUlFLwzAQfu+vuLd1D23orIqCDwNliKxKh/gwRrl1ty6YJjVJN/fvTdsxNkWo4Pd0+fLlvrvLpbWUXBZQIpf+ENZalcA2qiT2jvvSsNlHjaspVlpZnJAkjVZpRp+WtETBCqUKQZaMPQ2NzlnRRFmTNsxzb353xALSg+cIGo3pTKP2AKbmlkJvHhyxgIlQSxTdPckt10qWJJ2WbFBX38RnSVNymqwhvDmkrwm0WJzwYVtm0XYmsh23m6xCxwjckzbe2zhNHpPJLSQKOgpwi1zgUhCslXZzq2AwRcnzgbPo8Pz0Bwvwo+voCkoz7FXi/1cE/iiOL7oCegwS/Di6vHFysG4lxNDr91eWUAcrtZPnq/DrCoBGGf7wcv28jGezh/tmQoe3ofcFQ+Pm5Q==</Value>
				</Measurement>
			</Results>
		</Test>
		<Test Status="passed">
			<Name>BasicRotaTest</Name>
			<Path>./src/qualification/basic</Path>
			<FullName>./src/qualification/basic/BasicRotaTest</FullName>
			<FullCommandLine>/home/kayms/SquadMaprotaGenerator/build/src/qualification/basic/basicRota_test</FullCommandLine>
			<Results>
				<NamedMeasurement type="numeric/double" name="Execution Time">
					<Value>11.8094</Value>
				</NamedMeasurement>
				<NamedMeasurement type="numeric/double" name="Processors">
					<Value>1</Value>
				</NamedMeasurement>
				<NamedMeasurement type="text/string" name="Completion Status">
					<Value>Completed</Value>
				</NamedMeasurement>
				<NamedMeasurement type="text/string" name="Command Line">
					<Value>/home/kayms/SquadMaprotaGenerator/build/src/qualification/basic/basicRota_test</Value>
				</NamedMeasurement>
				<NamedMeasurement type="text/string" name="Environment">
					<Value>#CTEST_RESOURCE_GROUP_COUNT=</Value>
				</NamedMeasurement>
				<Measurement>
					<Value encoding="base64" compression="gzip">eJy1k01PwkAQhu/9FXMDDrSCGKqJBy8So2BSMB4IaYZlgA37UfcD4d+7LYaAHuwB30Mz3Zl558kkk3mluFqBRK6aLVgaLSFZa0nJBvfSJuMPj4shFkY7HJAig06bhHaOjEKRrLReCXJk3WloDUtWZZSXtjFj0fT+qBlk3zNTKGvsYWin+gHruaM4mraPmsFA6DmKQ57UlhutJKlQS67tix/FZ6ZZoM4f+c55Q9EUsrcRVJqdZeIKVXk5J1O+v+CeTPT+kI2eRoM7GGkQ5YsF3CIXOBcES23CygpoDFFx1gjeB70+1/GGZqefpiBt6y+ocYGMhmGJF8U5ukKz2+v36oBI3OWOS8otho8jlBcl+m0fdtTrXtdBq2bnQrPNJDhcFOvcGprpzW29ZRX/w3NqHBYUVAfHEi2qVqa9cudAcRxHkzWBKY9LL8GFuDo07V3hHXyiDTmpt7QAyxUj4OEIdyxY2kPxOrSutViU3Z2rbg/m+2AQR19RBXBd====</Value>
				</Measurement>
			</Results>
		</Test>
		<EndDateTime>Feb 09 17:10 CET</EndDateTime>
		<EndTestTime>1675959042</EndTestTime>
		<ElapsedMinutes>0</ElapsedMinutes>
	</Testing>
</Site>
